#
# A fatal error has been detected by the Java Runtime Environment:
#
#  EXCEPTION_ACCESS_VIOLATION (0xc0000005) at pc=0x000000006f94ca25, pid=27584, tid=17556
#
# JRE version: Java(TM) SE Runtime Environment (8.0_45-b15) (build 1.8.0_45-b15)
# Java VM: Java HotSpot(TM) 64-Bit Server VM (25.45-b02 mixed mode windows-amd64 compressed oops)
# Problematic frame:
# V  [jvm.dll+0x13ca25]
#
# Failed to write core dump. Minidumps are not enabled by default on client versions of Windows
#
# If you would like to submit a bug report, please visit:
#   http://bugreport.java.com/bugreport/crash.jsp
#

---------------  T H R E A D  ---------------

Current thread (0x0000000058fd9000):  JavaThread "Joa-backg-10" [_thread_in_vm, id=17556, stack(0x000000005e440000,0x000000005e540000)]

siginfo: ExceptionCode=0xc0000005, reading address 0x0000000000000000

Registers:
RAX=0x0000000000000000, RBX=0x0000000058fd9000, RCX=0x0000000000000900, RDX=0x0000000000000000
RSP=0x000000005e53dfc0, RBP=0x000000005e53f118, RSI=0x0000000058fd91f8, RDI=0x0000000000000000
R8 =0x0000000000010002, R9 =0x000000000000000f, R10=0x00000000000004ff, R11=0x000003fb00870009
R12=0x0000000000000000, R13=0x000000005e53e0e8, R14=0x0000000000000000, R15=0x0000000000000000
RIP=0x000000006f94ca25, EFLAGS=0x0000000000010202

Top of Stack: (sp=0x000000005e53dfc0)
0x000000005e53dfc0:   000000005e53dfd8 000007feec67d701
0x000000005e53dfd0:   0000000000000000 000007feec6c8733
0x000000005e53dfe0:   0000000058fd9000 0000000000000000
0x000000005e53dff0:   000000005e53e698 0000000000000000
0x000000005e53e000:   0000000000000000 000007feec698595
0x000000005e53e010:   0000000000000000 000000005e53f118
0x000000005e53e020:   0000000000000002 0000000000000023
0x000000005e53e030:   000000005e53e330 0000000000000000
0x000000005e53e040:   0000000000000000 00000000002d51e0
0x000000005e53e050:   000000005ae90000 0000000002aa0001
0x000000005e53e060:   0000000000000000 0000000000000007
0x000000005e53e070:   0000000000000023 0000000000000000
0x000000005e53e080:   0000000000000000 0000000000000000
0x000000005e53e090:   0000000000000000 0000000000000000
0x000000005e53e0a0:   0000000000000000 0000000000000000
0x000000005e53e0b0:   0000000000000000 000007feec7ba0e0 

Instructions: (pc=0x000000006f94ca25)
0x000000006f94ca05:   89 5c 24 20 48 c7 44 24 28 00 00 00 00 74 0a 48
0x000000006f94ca15:   8d 4c 24 20 e8 22 ae 13 00 80 3d bc d2 6b 00 00
0x000000006f94ca25:   48 8b 17 74 15 8b 52 08 8b 0d 75 3d 65 00 48 d3
0x000000006f94ca35:   e2 48 03 15 63 3d 65 00 eb 04 48 8b 52 08 48 8b 


Register to memory mapping:

RAX=0x0000000000000000 is an unknown value
RBX=0x0000000058fd9000 is a thread
RCX=0x0000000000000900 is an unknown value
RDX=0x0000000000000000 is an unknown value
RSP=0x000000005e53dfc0 is pointing into the stack for thread: 0x0000000058fd9000
RBP=0x000000005e53f118 is pointing into the stack for thread: 0x0000000058fd9000
RSI=0x0000000058fd91f8 is an unknown value
RDI=0x0000000000000000 is an unknown value
R8 =0x0000000000010002 is an unknown value
R9 =0x000000000000000f is an unknown value
R10=0x00000000000004ff is an unknown value
R11=0x000003fb00870009 is an unknown value
R12=0x0000000000000000 is an unknown value
R13=0x000000005e53e0e8 is pointing into the stack for thread: 0x0000000058fd9000
R14=0x0000000000000000 is an unknown value
R15=0x0000000000000000 is an unknown value


Stack: [0x000000005e440000,0x000000005e540000],  sp=0x000000005e53dfc0,  free space=1015k
Native frames: (J=compiled Java code, j=interpreted, Vv=VM code, C=native code)
V  [jvm.dll+0x13ca25]
C  [joa64.dll+0x28595]
C  0x0000000002a7dfac

Java frames: (J=compiled Java code, j=interpreted, Vv=VM code)
j  com.wilutions.com.JoaDll.dispatchCall(Ljava/lang/Object;Ljava/lang/Integer;Ljava/lang/String;ILjava/lang/Object;[Ljava/lang/Object;)Ljava/lang/Object;+0
j  com.wilutions.com.Dispatch._dispatchCall(Ljava/lang/Integer;Ljava/lang/String;ILjava/lang/Object;[Ljava/lang/Object;)Ljava/lang/Object;+8
j  com.wilutions.com.Dispatch._get(Ljava/lang/String;[Ljava/lang/Object;)Ljava/lang/Object;+8
j  addin1.JoaAddin1.lambda$0(Lcom/wilutions/mslib/office/IRibbonControl;)V+37
j  addin1.JoaAddin1$$Lambda$174.run()V+8
j  java.util.concurrent.ThreadPoolExecutor.runWorker(Ljava/util/concurrent/ThreadPoolExecutor$Worker;)V+95
j  java.util.concurrent.ThreadPoolExecutor$Worker.run()V+5
j  java.lang.Thread.run()V+11
j  com.wilutions.com.BackgTask$1$1.run()V+1
v  ~StubRoutines::call_stub

---------------  P R O C E S S  ---------------

Java Threads: ( => current thread )
=>0x0000000058fd9000 JavaThread "Joa-backg-10" [_thread_in_vm, id=17556, stack(0x000000005e440000,0x000000005e540000)]
  0x0000000058fda000 JavaThread "AWT-Windows" daemon [_thread_in_native, id=9920, stack(0x0000000060b20000,0x0000000060c20000)]
  0x0000000058fd8800 JavaThread "Java2D Disposer" daemon [_thread_blocked, id=26784, stack(0x000000005ed30000,0x000000005ee30000)]
  0x0000000058fd7000 JavaThread "Prism Font Disposer" daemon [_thread_blocked, id=28824, stack(0x000000005e920000,0x000000005ea20000)]
  0x000000005a310800 JavaThread "JavaFX-Launcher" [_thread_blocked, id=28432, stack(0x000000005d3a0000,0x000000005d4a0000)]
  0x000000005a367000 JavaThread "Joa-native-28348" [_thread_in_native, id=28348, stack(0x000000005d750000,0x000000005d850000)]
  0x000000005a35b000 JavaThread "Joa-native-28424" [_thread_in_native, id=28424, stack(0x000000005d520000,0x000000005d620000)]
  0x000000005a30c000 JavaThread "Joa-native-9296" [_thread_in_native, id=9296, stack(0x000000005cf20000,0x000000005d020000)]
  0x000000005a30b000 JavaThread "Joa-native-27060" [_thread_in_native, id=27060, stack(0x000000005d280000,0x000000005d380000)]
  0x000000005a30a800 JavaThread "Joa-native-8984" [_thread_in_native, id=8984, stack(0x000000005d0d0000,0x000000005d1d0000)]
  0x000000005a303800 JavaThread "Joa-native-27332" [_thread_in_native, id=27332, stack(0x000000005ccb0000,0x000000005cdb0000)]
  0x000000005a2ce800 JavaThread "Thread-3" daemon [_thread_in_native, id=8392, stack(0x000000005ce10000,0x000000005cf10000)]
  0x000000005a28b000 JavaThread "JavaFX Application Thread" [_thread_in_native, id=26804, stack(0x000000005b180000,0x000000005b280000)]
  0x000000005a284000 JavaThread "Thread-1" daemon [_thread_blocked, id=26640, stack(0x000000005b020000,0x000000005b120000)]
  0x000000005a269800 JavaThread "QuantumRenderer-0" daemon [_thread_blocked, id=28404, stack(0x000000005ab20000,0x000000005ac20000)]
  0x0000000058df7800 JavaThread "Service Thread" daemon [_thread_blocked, id=7964, stack(0x000000005a120000,0x000000005a220000)]
  0x0000000058d8e000 JavaThread "C1 CompilerThread2" daemon [_thread_blocked, id=27620, stack(0x0000000059eb0000,0x0000000059fb0000)]
  0x0000000058d84000 JavaThread "C2 CompilerThread1" daemon [_thread_blocked, id=28332, stack(0x00000000593b0000,0x00000000594b0000)]
  0x0000000058d80000 JavaThread "C2 CompilerThread0" daemon [_thread_blocked, id=27748, stack(0x0000000059d60000,0x0000000059e60000)]
  0x0000000058d74800 JavaThread "JDWP Command Reader" daemon [_thread_in_native, id=11024, stack(0x0000000059960000,0x0000000059a60000)]
  0x0000000058d71000 JavaThread "JDWP Event Helper Thread" daemon [_thread_blocked, id=27700, stack(0x0000000059b30000,0x0000000059c30000)]
  0x0000000058d6e000 JavaThread "JDWP Transport Listener: dt_socket" daemon [_thread_blocked, id=13000, stack(0x0000000059620000,0x0000000059720000)]
  0x0000000058d67800 JavaThread "Attach Listener" daemon [_thread_blocked, id=11208, stack(0x00000000594b0000,0x00000000595b0000)]
  0x0000000058d64800 JavaThread "Signal Dispatcher" daemon [_thread_blocked, id=14972, stack(0x0000000059220000,0x0000000059320000)]
  0x000000005789c800 JavaThread "Finalizer" daemon [_thread_blocked, id=4572, stack(0x0000000058a50000,0x0000000058b50000)]
  0x0000000057895800 JavaThread "Reference Handler" daemon [_thread_blocked, id=16936, stack(0x0000000058800000,0x0000000058900000)]
  0x000000000252f000 JavaThread "main" [_thread_blocked, id=18684, stack(0x00000000025d0000,0x00000000026d0000)]

Other Threads:
  0x000000005788d800 VMThread [stack: 0x0000000058950000,0x0000000058a50000] [id=3088]
  0x0000000058dfa800 WatcherThread [stack: 0x000000005a000000,0x000000005a100000] [id=6948]

VM state:not at safepoint (normal execution)

VM Mutex/Monitor currently owned by a thread: None

Heap:
 PSYoungGen      total 38400K, used 13043K [0x00000000d5d00000, 0x00000000d8780000, 0x0000000100000000)
  eden space 33280K, 25% used [0x00000000d5d00000,0x00000000d65359c8,0x00000000d7d80000)
  from space 5120K, 90% used [0x00000000d8280000,0x00000000d8707328,0x00000000d8780000)
  to   space 5120K, 0% used [0x00000000d7d80000,0x00000000d7d80000,0x00000000d8280000)
 ParOldGen       total 87552K, used 4120K [0x0000000081600000, 0x0000000086b80000, 0x00000000d5d00000)
  object space 87552K, 4% used [0x0000000081600000,0x0000000081a06020,0x0000000086b80000)
 Metaspace       used 18073K, capacity 18770K, committed 19072K, reserved 1064960K
  class space    used 2414K, capacity 2594K, committed 2688K, reserved 1048576K

Card table byte_map: [0x0000000011e20000,0x0000000012220000] byte_map_base: 0x0000000011a15000

Marking Bits: (ParMarkBitMap*) 0x0000000070014040
 Begin Bits: [0x0000000012bb0000, 0x0000000014b58000)
 End Bits:   [0x0000000014b58000, 0x0000000016b00000)

Polling page: 0x0000000001fc0000

CodeCache: size=245760Kb used=5570Kb max_used=5570Kb free=240189Kb
 bounds [0x0000000002a60000, 0x0000000002fe0000, 0x0000000011a60000]
 total_blobs=2510 nmethods=1800 adapters=630
 compilation: enabled

Compilation events (10 events):
Event: 4468.600 Thread 0x0000000058d8e000 1899       3       java.lang.ThreadGroup::checkAccess (14 bytes)
Event: 4468.600 Thread 0x0000000058d8e000 nmethod 1899 0x0000000002fd0e10 code [0x0000000002fd0f80, 0x0000000002fd1248]
Event: 4468.605 Thread 0x0000000058d8e000 1900       3       java.lang.Thread::getContextClassLoader (32 bytes)
Event: 4468.606 Thread 0x0000000058d8e000 nmethod 1900 0x0000000002fd2d10 code [0x0000000002fd2ee0, 0x0000000002fd37f8]
Event: 4468.611 Thread 0x0000000058d8e000 1901       1       java.awt.Component::getTreeLock (4 bytes)
Event: 4468.611 Thread 0x0000000058d8e000 nmethod 1901 0x0000000002fd3c10 code [0x0000000002fd3d60, 0x0000000002fd3e70]
Event: 4468.626 Thread 0x0000000058d8e000 1902       3       javafx.stage.Window$TKBoundsConfigurator::pulse (5 bytes)
Event: 4468.626 Thread 0x0000000058d8e000 nmethod 1902 0x0000000002fd3ed0 code [0x0000000002fd4040, 0x0000000002fd4248]
Event: 4699.314 Thread 0x0000000058d8e000 1903       3       jdk.internal.org.objectweb.asm.MethodVisitor::visitVarInsn (17 bytes)
Event: 4699.314 Thread 0x0000000058d8e000 nmethod 1903 0x0000000002fd42d0 code [0x0000000002fd4440, 0x0000000002fd46a8]

GC Heap History (4 events):
Event: 6.566 GC heap before
{Heap before GC invocations=1 (full 0):
 PSYoungGen      total 38400K, used 33280K [0x00000000d5d00000, 0x00000000d8780000, 0x0000000100000000)
  eden space 33280K, 100% used [0x00000000d5d00000,0x00000000d7d80000,0x00000000d7d80000)
  from space 5120K, 0% used [0x00000000d8280000,0x00000000d8280000,0x00000000d8780000)
  to   space 5120K, 0% used [0x00000000d7d80000,0x00000000d7d80000,0x00000000d8280000)
 ParOldGen       total 87552K, used 0K [0x0000000081600000, 0x0000000086b80000, 0x00000000d5d00000)
  object space 87552K, 0% used [0x0000000081600000,0x0000000081600000,0x0000000086b80000)
 Metaspace       used 8468K, capacity 8764K, committed 8832K, reserved 1056768K
  class space    used 1037K, capacity 1144K, committed 1152K, reserved 1048576K
Event: 6.569 GC heap after
Heap after GC invocations=1 (full 0):
 PSYoungGen      total 38400K, used 2998K [0x00000000d5d00000, 0x00000000d8780000, 0x0000000100000000)
  eden space 33280K, 0% used [0x00000000d5d00000,0x00000000d5d00000,0x00000000d7d80000)
  from space 5120K, 58% used [0x00000000d7d80000,0x00000000d806d828,0x00000000d8280000)
  to   space 5120K, 0% used [0x00000000d8280000,0x00000000d8280000,0x00000000d8780000)
 ParOldGen       total 87552K, used 16K [0x0000000081600000, 0x0000000086b80000, 0x00000000d5d00000)
  object space 87552K, 0% used [0x0000000081600000,0x0000000081604000,0x0000000086b80000)
 Metaspace       used 8468K, capacity 8764K, committed 8832K, reserved 1056768K
  class space    used 1037K, capacity 1144K, committed 1152K, reserved 1048576K
}
Event: 4223.710 GC heap before
{Heap before GC invocations=2 (full 0):
 PSYoungGen      total 38400K, used 36278K [0x00000000d5d00000, 0x00000000d8780000, 0x0000000100000000)
  eden space 33280K, 100% used [0x00000000d5d00000,0x00000000d7d80000,0x00000000d7d80000)
  from space 5120K, 58% used [0x00000000d7d80000,0x00000000d806d828,0x00000000d8280000)
  to   space 5120K, 0% used [0x00000000d8280000,0x00000000d8280000,0x00000000d8780000)
 ParOldGen       total 87552K, used 16K [0x0000000081600000, 0x0000000086b80000, 0x00000000d5d00000)
  object space 87552K, 0% used [0x0000000081600000,0x0000000081604000,0x0000000086b80000)
 Metaspace       used 17890K, capacity 18616K, committed 18816K, reserved 1064960K
  class space    used 2410K, capacity 2591K, committed 2688K, reserved 1048576K
Event: 4223.743 GC heap after
Heap after GC invocations=2 (full 0):
 PSYoungGen      total 38400K, used 4636K [0x00000000d5d00000, 0x00000000d8780000, 0x0000000100000000)
  eden space 33280K, 0% used [0x00000000d5d00000,0x00000000d5d00000,0x00000000d7d80000)
  from space 5120K, 90% used [0x00000000d8280000,0x00000000d8707328,0x00000000d8780000)
  to   space 5120K, 0% used [0x00000000d7d80000,0x00000000d7d80000,0x00000000d8280000)
 ParOldGen       total 87552K, used 4120K [0x0000000081600000, 0x0000000086b80000, 0x00000000d5d00000)
  object space 87552K, 4% used [0x0000000081600000,0x0000000081a06020,0x0000000086b80000)
 Metaspace       used 17890K, capacity 18616K, committed 18816K, reserved 1064960K
  class space    used 2410K, capacity 2591K, committed 2688K, reserved 1048576K
}

Deoptimization events (10 events):
Event: 2272.874 Thread 0x000000005a28b000 Uncommon trap: reason=class_check action=maybe_recompile pc=0x0000000002cb3c88 method=java.io.DataInputStream.readShort()S @ 4
Event: 2272.876 Thread 0x000000005a28b000 Uncommon trap: reason=class_check action=maybe_recompile pc=0x0000000002cb3c88 method=java.io.DataInputStream.readShort()S @ 4
Event: 2272.876 Thread 0x000000005a28b000 Uncommon trap: reason=class_check action=maybe_recompile pc=0x0000000002cb3c88 method=java.io.DataInputStream.readShort()S @ 4
Event: 2272.876 Thread 0x000000005a28b000 Uncommon trap: reason=class_check action=maybe_recompile pc=0x0000000002cb3c88 method=java.io.DataInputStream.readShort()S @ 4
Event: 2272.893 Thread 0x000000005a28b000 Uncommon trap: reason=class_check action=maybe_recompile pc=0x0000000002b87388 method=java.lang.String.equals(Ljava/lang/Object;)Z @ 8
Event: 2272.893 Thread 0x000000005a28b000 Uncommon trap: reason=class_check action=maybe_recompile pc=0x0000000002b87388 method=java.lang.String.equals(Ljava/lang/Object;)Z @ 8
Event: 2272.893 Thread 0x000000005a28b000 Uncommon trap: reason=class_check action=maybe_recompile pc=0x0000000002b87388 method=java.lang.String.equals(Ljava/lang/Object;)Z @ 8
Event: 2273.283 Thread 0x000000005a28b000 Uncommon trap: reason=class_check action=maybe_recompile pc=0x0000000002b87388 method=java.lang.String.equals(Ljava/lang/Object;)Z @ 8
Event: 2274.364 Thread 0x000000005a28b000 Uncommon trap: reason=unstable_if action=reinterpret pc=0x0000000002c20530 method=java.lang.String.startsWith(Ljava/lang/String;I)Z @ 25
Event: 2280.079 Thread 0x000000005a28b000 Uncommon trap: reason=unstable_if action=reinterpret pc=0x0000000002dc32dc method=jdk.internal.org.objectweb.asm.Type.getArgumentsAndReturnSizes(Ljava/lang/String;)I @ 47

Internal exceptions (10 events):
Event: 2273.901 Thread 0x000000005a28b000 Exception <a 'java/io/FileNotFoundException'> (0x00000000d6f6c868) thrown at [C:\re\workspace\8-2-build-windows-amd64-cygwin\jdk8u45\3627\hotspot\src\share\vm\prims\jni.cpp, line 709]
Event: 2280.102 Thread 0x000000005a303800 Exception <a 'java/lang/NoSuchFieldError': ndisp> (0x00000000d631d170) thrown at [C:\re\workspace\8-2-build-windows-amd64-cygwin\jdk8u45\3627\hotspot\src\share\vm\prims\jni.cpp, line 2584]
Event: 2290.153 Thread 0x000000005a28b000 Exception <a 'java/lang/NoSuchFieldError': ndisp> (0x00000000d76c22c8) thrown at [C:\re\workspace\8-2-build-windows-amd64-cygwin\jdk8u45\3627\hotspot\src\share\vm\prims\jni.cpp, line 2584]
Event: 2292.895 Thread 0x000000005a303800 Exception <a 'java/lang/NoSuchFieldError': ndisp> (0x00000000d631d618) thrown at [C:\re\workspace\8-2-build-windows-amd64-cygwin\jdk8u45\3627\hotspot\src\share\vm\prims\jni.cpp, line 2584]
Event: 2912.505 Thread 0x000000005a28b000 Exception <a 'java/lang/NoSuchFieldError': ndisp> (0x00000000d78da980) thrown at [C:\re\workspace\8-2-build-windows-amd64-cygwin\jdk8u45\3627\hotspot\src\share\vm\prims\jni.cpp, line 2584]
Event: 4219.554 Thread 0x000000005a303800 Exception <a 'java/lang/NoSuchFieldError': ndisp> (0x00000000d631db30) thrown at [C:\re\workspace\8-2-build-windows-amd64-cygwin\jdk8u45\3627\hotspot\src\share\vm\prims\jni.cpp, line 2584]
Event: 4223.697 Thread 0x000000005a28b000 Exception <a 'java/lang/NoSuchFieldError': ndisp> (0x00000000d7c2ba20) thrown at [C:\re\workspace\8-2-build-windows-amd64-cygwin\jdk8u45\3627\hotspot\src\share\vm\prims\jni.cpp, line 2584]
Event: 4229.967 Thread 0x000000005a303800 Exception <a 'java/lang/NoSuchFieldError': ndisp> (0x00000000d5d278b8) thrown at [C:\re\workspace\8-2-build-windows-amd64-cygwin\jdk8u45\3627\hotspot\src\share\vm\prims\jni.cpp, line 2584]
Event: 4466.955 Thread 0x000000005a28b000 Exception <a 'java/lang/NoSuchFieldError': ndisp> (0x00000000d621c558) thrown at [C:\re\workspace\8-2-build-windows-amd64-cygwin\jdk8u45\3627\hotspot\src\share\vm\prims\jni.cpp, line 2584]
Event: 4468.606 Thread 0x000000005a303800 Exception <a 'java/lang/NoSuchFieldError': ndisp> (0x00000000d5d27f08) thrown at [C:\re\workspace\8-2-build-windows-amd64-cygwin\jdk8u45\3627\hotspot\src\share\vm\prims\jni.cpp, line 2584]

Events (10 events):
Event: 4699.125 Executing VM operation: RevokeBias
Event: 4699.125 Executing VM operation: RevokeBias done
Event: 4699.125 Thread 0x0000000058fda800 Thread exited: 0x0000000058fda800
Event: 4699.310 Thread 0x0000000058fda800 Thread added: 0x0000000058fda800
Event: 4699.313 loading class com/wilutions/mslib/office/IRibbonControl
Event: 4699.313 loading class com/wilutions/mslib/office/IRibbonControl done
Event: 4699.313 loading class addin1/JoaAddin1
Event: 4699.313 loading class addin1/JoaAddin1 done
Event: 4699.315 Thread 0x0000000058fd9000 Thread added: 0x0000000058fd9000
Event: 4699.315 Thread 0x0000000058fda800 Thread exited: 0x0000000058fda800


Dynamic libraries:
0x000000013f1f0000 - 0x000000013f227000 	C:\Program Files\Java\jre1.8.0_45\bin\javaw.exe
0x0000000077400000 - 0x00000000775a8000 	C:\Windows\SYSTEM32\ntdll.dll
0x00000000772e0000 - 0x00000000773ff000 	C:\Windows\system32\kernel32.dll
0x000007fefd430000 - 0x000007fefd49c000 	C:\Windows\system32\KERNELBASE.dll
0x0000000074f50000 - 0x0000000074fd7000 	C:\Windows\System32\SYSFER.DLL
0x000007fefef00000 - 0x000007fefefdb000 	C:\Windows\system32\ADVAPI32.dll
0x000007feff670000 - 0x000007feff70f000 	C:\Windows\system32\msvcrt.dll
0x000007feff440000 - 0x000007feff45f000 	C:\Windows\SYSTEM32\sechost.dll
0x000007feff4b0000 - 0x000007feff5dd000 	C:\Windows\system32\RPCRT4.dll
0x00000000771e0000 - 0x00000000772da000 	C:\Windows\system32\USER32.dll
0x000007feff600000 - 0x000007feff667000 	C:\Windows\system32\GDI32.dll
0x000007feff140000 - 0x000007feff14e000 	C:\Windows\system32\LPK.dll
0x000007fefe960000 - 0x000007fefea29000 	C:\Windows\system32\USP10.dll
0x000007fefb780000 - 0x000007fefb974000 	C:\Windows\WinSxS\amd64_microsoft.windows.common-controls_6595b64144ccf1df_6.0.7601.18807_none_fa381d5f175bfb52\COMCTL32.dll
0x000007fefea30000 - 0x000007fefeaa1000 	C:\Windows\system32\SHLWAPI.dll
0x000007fefeff0000 - 0x000007feff01e000 	C:\Windows\system32\IMM32.DLL
0x000007fefd890000 - 0x000007fefd999000 	C:\Windows\system32\MSCTF.dll
0x0000000068000000 - 0x000000006804e000 	C:\Windows\system32\QIPCAP64.DLL
0x000000005dd00000 - 0x000000005ddd2000 	C:\Program Files\Java\jre1.8.0_45\bin\msvcr100.dll
0x000000006f810000 - 0x0000000070093000 	C:\Program Files\Java\jre1.8.0_45\bin\server\jvm.dll
0x000007fef7d10000 - 0x000007fef7d19000 	C:\Windows\system32\WSOCK32.dll
0x0000000001f70000 - 0x0000000001fbd000 	C:\Windows\system32\WS2_32.dll
0x000007fefefe0000 - 0x000007fefefe8000 	C:\Windows\system32\NSI.dll
0x000007fefad90000 - 0x000007fefadcb000 	C:\Windows\system32\WINMM.dll
0x000007fefc2d0000 - 0x000007fefc2dc000 	C:\Windows\system32\VERSION.dll
0x00000000775d0000 - 0x00000000775d7000 	C:\Windows\system32\PSAPI.DLL
0x0000000074f00000 - 0x0000000074f0f000 	C:\Program Files\Java\jre1.8.0_45\bin\verify.dll
0x0000000074bd0000 - 0x0000000074bf9000 	C:\Program Files\Java\jre1.8.0_45\bin\java.dll
0x0000000063670000 - 0x00000000636a5000 	C:\Program Files\Java\jre1.8.0_45\bin\jdwp.dll
0x0000000074b60000 - 0x0000000074b68000 	C:\Program Files\Java\jre1.8.0_45\bin\npt.dll
0x0000000074c10000 - 0x0000000074c26000 	C:\Program Files\Java\jre1.8.0_45\bin\zip.dll
0x000007fefdbd0000 - 0x000007fefe959000 	C:\Windows\system32\SHELL32.dll
0x0000000058b50000 - 0x0000000058d53000 	C:\Windows\system32\ole32.dll
0x000007fefd250000 - 0x000007fefd25f000 	C:\Windows\system32\profapi.dll
0x0000000074b80000 - 0x0000000074b89000 	C:\Program Files\Java\jre1.8.0_45\bin\dt_socket.dll
0x000007fefa7f0000 - 0x000007fefa805000 	C:\Windows\system32\NLAapi.dll
0x000007fef8d90000 - 0x000007fef8da5000 	C:\Windows\system32\napinsp.dll
0x000007fef8db0000 - 0x000007fef8dc9000 	C:\Windows\system32\pnrpnsp.dll
0x000007fefcb10000 - 0x000007fefcb65000 	C:\Windows\System32\mswsock.dll
0x000007fefc860000 - 0x000007fefc8bb000 	C:\Windows\system32\DNSAPI.dll
0x000007fef8d80000 - 0x000007fef8d8b000 	C:\Windows\System32\winrnr.dll
0x000007fef8d70000 - 0x000007fef8d80000 	C:\Windows\system32\wshbth.dll
0x000007fefa790000 - 0x000007fefa7b7000 	C:\Windows\system32\IPHLPAPI.DLL
0x000007fefa780000 - 0x000007fefa78b000 	C:\Windows\system32\WINNSI.DLL
0x000007fef9aa0000 - 0x000007fef9af3000 	C:\Windows\System32\fwpuclnt.dll
0x000007fef90c0000 - 0x000007fef90c8000 	C:\Windows\system32\rasadhlp.dll
0x000007fefc3a0000 - 0x000007fefc3a7000 	C:\Windows\System32\wshtcpip.dll
0x0000000063640000 - 0x000000006366c000 	C:\Program Files\Java\jre1.8.0_45\bin\prism_d3d.dll
0x000007fef5ce0000 - 0x000007fef5edf000 	C:\Windows\system32\d3d9.dll
0x000007fef5cd0000 - 0x000007fef5cd7000 	C:\Windows\system32\d3d8thk.dll
0x000007fefb400000 - 0x000007fefb418000 	C:\Windows\system32\dwmapi.dll
0x000007fefbbd0000 - 0x000007fefbc26000 	C:\Windows\system32\uxtheme.dll
0x000007fee5ba0000 - 0x000007fee63f1000 	C:\Windows\system32\igdumdim64.dll
0x000007fef2f80000 - 0x000007fef33b3000 	C:\Windows\system32\igdusc64.dll
0x00000000635f0000 - 0x0000000063631000 	C:\Program Files\Java\jre1.8.0_45\bin\glass.dll
0x000007feff020000 - 0x000007feff0b7000 	C:\Windows\system32\COMDLG32.dll
0x000007feff150000 - 0x000007feff227000 	C:\Windows\system32\OLEAUT32.dll
0x000007fefd080000 - 0x000007fefd08f000 	C:\Windows\system32\CRYPTBASE.dll
0x000007feec670000 - 0x000007feec7d4000 	C:\Users\dmolenil\AppData\Local\Temp\joa_0_8_0\joa64.dll
0x000007fefbd40000 - 0x000007fefbe6c000 	C:\Windows\system32\PROPSYS.dll
0x000007fefb560000 - 0x000007fefb776000 	C:\Windows\WinSxS\amd64_microsoft.windows.gdiplus_6595b64144ccf1df_1.1.7601.18834_none_2b26557a71eb7442\gdiplus.dll
0x000007fefec80000 - 0x000007fefed19000 	C:\Windows\system32\CLBCatQ.DLL
0x000007fefcbd0000 - 0x000007fefcbe8000 	C:\Windows\system32\CRYPTSP.dll
0x000007fefc770000 - 0x000007fefc7b7000 	C:\Windows\system32\rsaenh.dll
0x000007fefd190000 - 0x000007fefd1a4000 	C:\Windows\system32\RpcRtRemote.dll
0x000007fefb250000 - 0x000007fefb3b1000 	C:\Windows\system32\WindowsCodecs.dll
0x000007fefd130000 - 0x000007fefd187000 	C:\Windows\system32\apphelp.dll
0x000007fef24a0000 - 0x000007fef26dd000 	C:\PROGRA~1\MICROS~2\Office15\GROOVEEX.DLL
0x000000006aea0000 - 0x000000006af38000 	C:\Windows\system32\MSVCP100.dll
0x000000006ae70000 - 0x000000006ae9b000 	C:\Windows\system32\ATL100.DLL
0x000007fef6880000 - 0x000007fef6b9d000 	C:\Windows\system32\msi.dll
0x000007fef1130000 - 0x000007fef19ad000 	C:\PROGRA~1\MICROS~2\Office15\1033\GrooveIntlResource.dll
0x000007fef9fc0000 - 0x000007fef9ff1000 	C:\Users\dmolenil\AppData\Roaming\Dropbox\bin\DropboxExt64.25.dll
0x000007fef38f0000 - 0x000007fef391d000 	C:\Program Files\Common Files\Microsoft Shared\Ink\rtscom.dll
0x000007fefd090000 - 0x000007fefd121000 	C:\Windows\system32\SXS.DLL
0x0000000074e00000 - 0x0000000074e15000 	C:\Program Files\Java\jre1.8.0_45\bin\javafx_font.dll
0x000007fef3a60000 - 0x000007fef3bf7000 	C:\Windows\system32\dwrite.dll
0x000000006c030000 - 0x000000006c1c8000 	C:\Program Files\Java\jre1.8.0_45\bin\awt.dll
0x0000000074db0000 - 0x0000000074df7000 	C:\Program Files\Java\jre1.8.0_45\bin\fontmanager.dll
0x00000000635d0000 - 0x00000000635e1000 	C:\Program Files\Java\jre1.8.0_45\bin\prism_common.dll
0x000007fefa370000 - 0x000007fefa495000 	C:\Windows\system32\dbghelp.dll

VM Arguments:
jvm_args: -agentlib:jdwp=transport=dt_socket,suspend=y,address=localhost:56993 -ea -Dfile.encoding=Cp1252 
java_command: com.wilutions.joa.AddinApplication
java_class_path (initial): E:\wasjava\hackaton\workspace\exercise\addin1\bin;E:\wasjava\hackaton\joa-master\java\lib;E:\wasjava\hackaton\joa-master\java\lib\joa.jar
Launcher Type: SUN_STANDARD

Environment Variables:
JAVA_HOME=C:\Program Files\Java\jdk1.6.0_37
CLASSPATH=C:\Program Files (x86)\IBM\WebSphere MQ\Java\lib\com.ibm.mqjms.jar;C:\Program Files (x86)\IBM\WebSphere MQ\Java\lib\com.ibm.mq.jar
PATH=C:/Program Files/Java/jre1.8.0_45/bin/server;C:/Program Files/Java/jre1.8.0_45/bin;C:/Program Files/Java/jre1.8.0_45/lib/amd64;C:\ProgramData\Oracle\Java\javapath;C:\Program Files (x86)\CollabNet\Subversion Client;C:\Program Files (x86)\IBM\WebSphere MQ\Java\lib;C:\Program Files (x86)\IBM\WebSphere MQ\Java\lib64;C:\Program Files\Common Files\Microsoft Shared\Microsoft Online Services;C:\Program Files (x86)\Common Files\Microsoft Shared\Microsoft Online Services;C:\Windows\SYSTEM32;C:\Windows;C:\Windows\SYSTEM32\WBEM;C:\Windows\SYSTEM32\WINDOWSPOWERSHELL\V1.0\;C:\PROGRAM FILES (X86)\IBM\CLIENT ACCESS\EMULATOR;C:\PROGRAM FILES (X86)\IBM\CLIENT ACCESS\SHARED;C:\PROGRAM FILES (X86)\IBM\CLIENT ACCESS\;;;C:\Program Files (x86)\Intel\OpenCL SDK\3.0\bin\x86;C:\Program Files (x86)\Intel\OpenCL SDK\3.0\bin\x64;C:\Program Files (x86)\IBM\WebSphere MQ\bin64;C:\Program Files (x86)\IBM\WebSphere MQ\bin;C:\Program Files (x86)\IBM\WebSphere MQ\tools\c\samples\bin;C:\Program Files\Java\jdk1.6.0_37\bin;C:\Program Files (x86)\TortoiseSVN\bin;E:\Program Files\Misys\Meridian4\Bin;C:\Program Files\Symantec\Workspace Virtualization\;C:\Program Files (x86)\Skype\Phone\;E:\wasjava\hackaton\workspace\eclipse;
USERNAME=dmolenil
OS=Windows_NT
PROCESSOR_IDENTIFIER=Intel64 Family 6 Model 60 Stepping 3, GenuineIntel



---------------  S Y S T E M  ---------------

OS: Windows 7 , 64 bit Build 7601 (6.1.7601.18798)

CPU:total 4 (4 cores per cpu, 1 threads per core) family 6 model 60 stepping 3, cmov, cx8, fxsr, mmx, sse, sse2, sse3, ssse3, sse4.1, sse4.2, popcnt, avx, avx2, aes, clmul, erms, rtm, lzcnt, tsc, tscinvbit, bmi1, bmi2

Memory: 4k page, physical 8294612k(1463672k free), swap 19169856k(5681184k free)

vm_info: Java HotSpot(TM) 64-Bit Server VM (25.45-b02) for windows-amd64 JRE (1.8.0_45-b15), built on Apr 30 2015 12:40:44 by "java_re" with MS VC++ 10.0 (VS2010)

time: Wed Jul 15 13:33:07 2015
elapsed time: 4699 seconds (0d 1h 18m 19s)

